<?xml version="1.0" encoding="UTF-8"?>
<testsuite xmlns:xsi="http://www.w3.org/2001/XMLSchema-instance" xsi:noNamespaceSchemaLocation="https://maven.apache.org/surefire/maven-surefire-plugin/xsd/surefire-test-report-3.0.xsd" version="3.0" name="CucumberExample.CucumberExample.RunCucumberTest" time="0.153" tests="6" errors="0" skipped="0" failures="0">
  <properties>
[...]
</properties>
  <testcase name="Example #1.1" classname="Examples" time="0.049">
    <system-out><![CDATA[
@tag @tag1
Scenario Outline: Today is or is not Friday &amp#27;[90m# CucumberExample/CucumberExample/is_it_friday_yet.feature:31&amp#27;[0m
  &amp#27;[32mGiven &amp#27;[0m&amp#27;[32mtoday is &amp#27;[0m&amp#27;[32m&amp#27;[1m"Friday"&amp#27;[0m                   &amp#27;[90m# CucumberExample.CucumberExample.TodayStepDefinitions.today_is(java.lang.String)&amp#27;[0m
  &amp#27;[32mWhen &amp#27;[0m&amp#27;[32mI ask whether it's Friday yet&amp#27;[0m        &amp#27;[90m# CucumberExample.CucumberExample.TodayStepDefinitions.i_ask_whether_it_s_Friday_yet()&amp#27;[0m
  &amp#27;[32mThen &amp#27;[0m&amp#27;[32mI should be told &amp#27;[0m&amp#27;[32m&amp#27;[1m"TGIF"&amp#27;[0m              &amp#27;[90m# CucumberExample.CucumberExample.TodayStepDefinitions.i_should_be_told(java.lang.String)&amp#27;[0m
]]></system-out>
  </testcase>
  <testcase name="Example #1.1" classname="Examples" time="0.004">
    <system-out><![CDATA[
@tag @tag1
Scenario Outline: Title of your scenario outline &amp#27;[90m# CucumberExample/CucumberExample/is_number_even.feature:31&amp#27;[0m
  &amp#27;[32mGiven &amp#27;[0m&amp#27;[32mAn integer &amp#27;[0m&amp#27;[32m&amp#27;[1m1&amp#27;[0m                             &amp#27;[90m# CucumberExample.CucumberExample.EvenNumberStepDefinitions.an_integer(java.lang.Integer)&amp#27;[0m
  &amp#27;[32mWhen &amp#27;[0m&amp#27;[32mI check if it is even&amp#27;[0m                     &amp#27;[90m# CucumberExample.CucumberExample.EvenNumberStepDefinitions.i_check_if_it_is_even()&amp#27;[0m
  &amp#27;[32mThen &amp#27;[0m&amp#27;[32mThe result should be &amp#27;[0m&amp#27;[32m&amp#27;[1m"No"&amp#27;[0m                 &amp#27;[90m# CucumberExample.CucumberExample.EvenNumberStepDefinitions.the_result_should_be(java.lang.String)&amp#27;[0m
]]></system-out>
  </testcase>
  <testcase name="Example #1.2" classname="Examples" time="0.003">
    <system-out><![CDATA[
@tag @tag1
Scenario Outline: Today is or is not Friday &amp#27;[90m# CucumberExample/CucumberExample/is_it_friday_yet.feature:32&amp#27;[0m
  &amp#27;[32mGiven &amp#27;[0m&amp#27;[32mtoday is &amp#27;[0m&amp#27;[32m&amp#27;[1m"Sunday"&amp#27;[0m                   &amp#27;[90m# CucumberExample.CucumberExample.TodayStepDefinitions.today_is(java.lang.String)&amp#27;[0m
  &amp#27;[32mWhen &amp#27;[0m&amp#27;[32mI ask whether it's Friday yet&amp#27;[0m        &amp#27;[90m# CucumberExample.CucumberExample.TodayStepDefinitions.i_ask_whether_it_s_Friday_yet()&amp#27;[0m
  &amp#27;[32mThen &amp#27;[0m&amp#27;[32mI should be told &amp#27;[0m&amp#27;[32m&amp#27;[1m"Nope"&amp#27;[0m              &amp#27;[90m# CucumberExample.CucumberExample.TodayStepDefinitions.i_should_be_told(java.lang.String)&amp#27;[0m
]]></system-out>
  </testcase>
  <testcase name="Example #1.2" classname="Examples" time="0.003">
    <system-out><![CDATA[
@tag @tag1
Scenario Outline: Title of your scenario outline &amp#27;[90m# CucumberExample/CucumberExample/is_number_even.feature:32&amp#27;[0m
  &amp#27;[32mGiven &amp#27;[0m&amp#27;[32mAn integer &amp#27;[0m&amp#27;[32m&amp#27;[1m2&amp#27;[0m                             &amp#27;[90m# CucumberExample.CucumberExample.EvenNumberStepDefinitions.an_integer(java.lang.Integer)&amp#27;[0m
  &amp#27;[32mWhen &amp#27;[0m&amp#27;[32mI check if it is even&amp#27;[0m                     &amp#27;[90m# CucumberExample.CucumberExample.EvenNumberStepDefinitions.i_check_if_it_is_even()&amp#27;[0m
  &amp#27;[32mThen &amp#27;[0m&amp#27;[32mThe result should be &amp#27;[0m&amp#27;[32m&amp#27;[1m"Yes"&amp#27;[0m                &amp#27;[90m# CucumberExample.CucumberExample.EvenNumberStepDefinitions.the_result_should_be(java.lang.String)&amp#27;[0m
]]></system-out>
  </testcase>
  <testcase name="Example #1.3" classname="Examples" time="0.003">
    <system-out><![CDATA[
@tag @tag1
Scenario Outline: Today is or is not Friday &amp#27;[90m# CucumberExample/CucumberExample/is_it_friday_yet.feature:33&amp#27;[0m
  &amp#27;[32mGiven &amp#27;[0m&amp#27;[32mtoday is &amp#27;[0m&amp#27;[32m&amp#27;[1m"anything else!"&amp#27;[0m           &amp#27;[90m# CucumberExample.CucumberExample.TodayStepDefinitions.today_is(java.lang.String)&amp#27;[0m
  &amp#27;[32mWhen &amp#27;[0m&amp#27;[32mI ask whether it's Friday yet&amp#27;[0m        &amp#27;[90m# CucumberExample.CucumberExample.TodayStepDefinitions.i_ask_whether_it_s_Friday_yet()&amp#27;[0m
  &amp#27;[32mThen &amp#27;[0m&amp#27;[32mI should be told &amp#27;[0m&amp#27;[32m&amp#27;[1m"Nope"&amp#27;[0m              &amp#27;[90m# CucumberExample.CucumberExample.TodayStepDefinitions.i_should_be_told(java.lang.String)&amp#27;[0m
]]></system-out>
  </testcase>
  <testcase name="Example #1.3" classname="Examples" time="0.003">
    <system-out><![CDATA[
@tag @tag1
Scenario Outline: Title of your scenario outline &amp#27;[90m# CucumberExample/CucumberExample/is_number_even.feature:33&amp#27;[0m
  &amp#27;[32mGiven &amp#27;[0m&amp#27;[32mAn integer &amp#27;[0m&amp#27;[32m&amp#27;[1m0&amp#27;[0m                             &amp#27;[90m# CucumberExample.CucumberExample.EvenNumberStepDefinitions.an_integer(java.lang.Integer)&amp#27;[0m
  &amp#27;[32mWhen &amp#27;[0m&amp#27;[32mI check if it is even&amp#27;[0m                     &amp#27;[90m# CucumberExample.CucumberExample.EvenNumberStepDefinitions.i_check_if_it_is_even()&amp#27;[0m
  &amp#27;[32mThen &amp#27;[0m&amp#27;[32mThe result should be &amp#27;[0m&amp#27;[32m&amp#27;[1m"Yes"&amp#27;[0m                &amp#27;[90m# CucumberExample.CucumberExample.EvenNumberStepDefinitions.the_result_should_be(java.lang.String)&amp#27;[0m
]]></system-out>
  </testcase>
</testsuite>